[LOG] System::create                           : Header version = 1.08.00. Current version = 1.08.00.
[LOG] SystemI::init                            : FMOD Studio Version: 00010800 (73592)
[LOG] SystemI::init                            : maxchannels = 256, flags = 00020000, extradriverdata = 0000000000000000
[LOG] SystemI::close                           : 
[LOG] SystemI::close                           : Stop all sounds
[LOG] SystemI::close                           : done.

[LOG] OutputWASAPI::init                       : Mix Format (WAVEFORMATEX): wFormatTag=0xFFFE, nChannels=2, nSamplesPerSec=48000, nAvgBytesPerSec=384000, nBlockAlign=8, wBitsPerSample=32, cbSize=22.
[LOG] OutputWASAPI::init                       : Mix Format (WAVEFORMATEXTENSIBLE): wValidBitsPerSample=32, dwChannelMask=0x00000003, SubFormat=00000003-0000-0010-8000-00AA00389B71.
[LOG] OutputWASAPI::init                       : Output buffer size: 4096 samples, latency: 10.67ms, period: 10.00ms, DSP buffer: 1024 * 4
[LOG] Thread::initThread                       : Initializing FMOD mixer thread.  priority 3
[LOG] Thread::initThread                       : - Stacksize 49152.  Stack pointer 0000000000000000 : usesemaphore = 0 : sleeptime = 0
[LOG] Thread::callback                         : * FMOD mixer thread started
[LOG] SystemI::init                            : Set up emulated output
[LOG] SystemI::init                            : create the channel pool
[LOG] Thread::initThread                       : Initializing FMOD stream thread.  priority 2
[LOG] Thread::initThread                       : - Stacksize 65536.  Stack pointer 0000000000000000 : usesemaphore = 0 : sleeptime = 10
[LOG] Thread::callback                         : * FMOD stream thread started
[LOG] Thread::initThread                       : Initializing FMOD Studio sample load thread.  priority 0
[LOG] Thread::initThread                       : - Stacksize 65536.  Stack pointer 0000000000000000 : usesemaphore = 0 : sleeptime = 1
[LOG] Thread::callback                         : * FMOD Studio sample load thread started
[LOG] Thread::initThread                       : Initializing FMOD Studio bank load thread.  priority 0
[LOG] Thread::initThread                       : - Stacksize 65536.  Stack pointer 0000000000000000 : usesemaphore = 0 : sleeptime = 1
[LOG] Thread::callback                         : * FMOD Studio bank load thread started
[LOG] Manager::readBank                        : fileversion = 62, compatVersion = 59 (oldest = 44, newest = 72)
[LOG] Manager::readBank                        : fileversion = 62, compatVersion = 59 (oldest = 44, newest = 72)
[LOG] Manager::finishLoadBank                  : Bank with guid {6d2aca90-3f04-472e-af9a-dcd8641c5e31} has already been loaded[LOG] SystemI::createSoundInternal             : filename =  : mode 0a000202
[LOG] SystemI::createSoundInternal             : exinfo->cbsize             = 232
[LOG] SystemI::createSoundInternal             : exinfo->length             = 3213120
[LOG] SystemI::createSoundInternal             : exinfo->fileoffset         = 110656
[LOG] SystemI::createSoundInternal             : exinfo->numsubsounds       = 1
[LOG] SystemI::createSoundInternal             : exinfo->inclusionlist      = 000000002A14FB28
[LOG] SystemI::createSoundInternal             : exinfo->inclusionlistnum   = 1
[LOG] SystemI::createSoundInternal             : exinfo->suggestedsoundtype = 5
[LOG] SystemI::createSoundInternal             : exinfo->useropen           = 000007FEE7B88650
[LOG] SystemI::createSoundInternal             : exinfo->userclose          = 000007FEE7B893C0
[LOG] SystemI::createSoundInternal             : exinfo->userread           = 000007FEE7B88730
[LOG] SystemI::createSoundInternal             : exinfo->userseek           = 000007FEE7B887E0
[LOG] SystemI::createSoundInternal             : exinfo->fileuserdata       = 0000000029C98EE8
[LOG] SystemI::createSoundInternal             : exinfo->initialseekpostype = 1
[LOG] SystemI::createSoundInternal             : Format has 1 subsounds.
[LOG] SystemI::createSoundInternal             : Create as FMOD_CREATESAMPLE
[LOG] SystemI::createSoundInternal             : Multi-sample sound (1 subsounds), create a sample container.
[LOG] SystemI::createSoundInternal             : creating subsound 0/1
[LOG] SystemI::createSample                    : mode 0a000202 length 98280 samples, lengthbytes 23104
[LOG] SystemI::createSample                    : channels = 2
[LOG] SystemI::createSample                    : output = 000000002852C298
[LOG] OutputSoftware::createSample             : lengthpcm 98280, lengthbytes 23104, channels 2, format 2, freq 48000, mode 0a00020a
[LOG] SystemI::createSoundInternal             : done.  OpenState now = FMOD_OPENSTATE_READY.

[LOG] SystemI::createSoundInternal             : filename =  : mode 0a000202
[LOG] SystemI::createSoundInternal             : exinfo->cbsize             = 232
[LOG] SystemI::createSoundInternal             : exinfo->length             = 3213120
[LOG] SystemI::createSoundInternal             : exinfo->fileoffset         = 110656
[LOG] SystemI::createSoundInternal             : exinfo->numsubsounds       = 1
[LOG] SystemI::createSoundInternal             : exinfo->inclusionlist      = 000000002A14FB28
[LOG] SystemI::createSoundInternal             : exinfo->inclusionlistnum   = 1
[LOG] SystemI::createSoundInternal             : exinfo->suggestedsoundtype = 5
[LOG] SystemI::createSoundInternal             : exinfo->useropen           = 000007FEE7B88650
[LOG] SystemI::createSoundInternal             : exinfo->userclose          = 000007FEE7B893C0
[LOG] SystemI::createSoundInternal             : exinfo->userread           = 000007FEE7B88730
[LOG] SystemI::createSoundInternal             : exinfo->userseek           = 000007FEE7B887E0
[LOG] SystemI::createSoundInternal             : exinfo->fileuserdata       = 0000000029C98EE8
[LOG] SystemI::createSoundInternal             : exinfo->initialseekpostype = 1
[LOG] SystemI::createSoundInternal             : Format has 1 subsounds.
[LOG] SystemI::createSoundInternal             : Create as FMOD_CREATESAMPLE
[LOG] SystemI::createSoundInternal             : Multi-sample sound (1 subsounds), create a sample container.
[LOG] SystemI::createSoundInternal             : creating subsound 0/1
[LOG] SystemI::createSample                    : mode 0a000202 length 50155 samples, lengthbytes 20064
[LOG] SystemI::createSample                    : channels = 2
[LOG] SystemI::createSample                    : output = 000000002852C298
[LOG] OutputSoftware::createSample             : lengthpcm 50155, lengthbytes 20064, channels 2, format 2, freq 48000, mode 0a00020a
[LOG] SystemI::createSoundInternal             : done.  OpenState now = FMOD_OPENSTATE_READY.

[LOG] SystemI::createSoundInternal             : filename =  : mode 0a000202
[LOG] SystemI::createSoundInternal             : exinfo->cbsize             = 232
[LOG] SystemI::createSoundInternal             : exinfo->length             = 3213120
[LOG] SystemI::createSoundInternal             : exinfo->fileoffset         = 110656
[LOG] SystemI::createSoundInternal             : exinfo->numsubsounds       = 1
[LOG] SystemI::createSoundInternal             : exinfo->inclusionlist      = 000000002A14FB28
[LOG] SystemI::createSoundInternal             : exinfo->inclusionlistnum   = 1
[LOG] SystemI::createSoundInternal             : exinfo->suggestedsoundtype = 5
[LOG] SystemI::createSoundInternal             : exinfo->useropen           = 000007FEE7B88650
[LOG] SystemI::createSoundInternal             : exinfo->userclose          = 000007FEE7B893C0
[LOG] SystemI::createSoundInternal             : exinfo->userread           = 000007FEE7B88730
[LOG] SystemI::createSoundInternal             : exinfo->userseek           = 000007FEE7B887E0
[LOG] SystemI::createSoundInternal             : exinfo->fileuserdata       = 0000000029C98EE8
[LOG] SystemI::createSoundInternal             : exinfo->initialseekpostype = 1
[LOG] SystemI::createSoundInternal             : Format has 1 subsounds.
[LOG] SystemI::createSoundInternal             : Create as FMOD_CREATESAMPLE
[LOG] SystemI::createSoundInternal             : Multi-sample sound (1 subsounds), create a sample container.
[LOG] SystemI::createSoundInternal             : creating subsound 0/1
[LOG] SystemI::createSample                    : mode 0a000202 length 255960 samples, lengthbytes 63264
[LOG] SystemI::createSample                    : channels = 2
[LOG] SystemI::createSample                    : output = 000000002852C298
[LOG] OutputSoftware::createSample             : lengthpcm 255960, lengthbytes 63264, channels 2, format 2, freq 48000, mode 0a00020a
[LOG] SystemI::createSoundInternal             : done.  OpenState now = FMOD_OPENSTATE_READY.

[LOG] Manager::readBank                        : fileversion = 62, compatVersion = 59 (oldest = 44, newest = 72)
[LOG] Manager::finishLoadBank                  : Bank with guid {6d2aca90-3f04-472e-af9a-dcd8641c5e31} has already been loaded[LOG] Manager::readBank                        : fileversion = 62, compatVersion = 59 (oldest = 44, newest = 72)
[LOG] Manager::finishLoadBank                  : Bank with guid {6d2aca90-3f04-472e-af9a-dcd8641c5e31} has already been loaded[LOG] SystemI::createSoundInternal             : filename =  : mode 0a000202
[LOG] SystemI::createSoundInternal             : exinfo->cbsize             = 232
[LOG] SystemI::createSoundInternal             : exinfo->length             = 3213120
[LOG] SystemI::createSoundInternal             : exinfo->fileoffset         = 110656
[LOG] SystemI::createSoundInternal             : exinfo->numsubsounds       = 1
[LOG] SystemI::createSoundInternal             : exinfo->inclusionlist      = 000000002A14FB28
[LOG] SystemI::createSoundInternal             : exinfo->inclusionlistnum   = 1
[LOG] SystemI::createSoundInternal             : exinfo->suggestedsoundtype = 5
[LOG] SystemI::createSoundInternal             : exinfo->useropen           = 000007FEE7B88650
[LOG] SystemI::createSoundInternal             : exinfo->userclose          = 000007FEE7B893C0
[LOG] SystemI::createSoundInternal             : exinfo->userread           = 000007FEE7B88730
[LOG] SystemI::createSoundInternal             : exinfo->userseek           = 000007FEE7B887E0
[LOG] SystemI::createSoundInternal             : exinfo->fileuserdata       = 0000000029D00908
[LOG] SystemI::createSoundInternal             : exinfo->initialseekpostype = 1
[LOG] SystemI::createSoundInternal             : Format has 1 subsounds.
[LOG] SystemI::createSoundInternal             : Create as FMOD_CREATESAMPLE
[LOG] SystemI::createSoundInternal             : Multi-sample sound (1 subsounds), create a sample container.
[LOG] SystemI::createSoundInternal             : creating subsound 0/1
[LOG] SystemI::createSample                    : mode 0a000202 length 71894 samples, lengthbytes 17536
[LOG] SystemI::createSample                    : channels = 2
[LOG] SystemI::createSample                    : output = 000000002852C298
[LOG] OutputSoftware::createSample             : lengthpcm 71894, lengthbytes 17536, channels 2, format 2, freq 48000, mode 0a00020a
[LOG] SystemI::createSoundInternal             : done.  OpenState now = FMOD_OPENSTATE_READY.

[LOG] Manager::readBank                        : fileversion = 62, compatVersion = 59 (oldest = 44, newest = 72)
[LOG] Manager::finishLoadBank                  : Bank with guid {6d2aca90-3f04-472e-af9a-dcd8641c5e31} has already been loaded[LOG] Manager::readBank                        : fileversion = 62, compatVersion = 59 (oldest = 44, newest = 72)
[LOG] Manager::finishLoadBank                  : Bank with guid {6d2aca90-3f04-472e-af9a-dcd8641c5e31} has already been loaded[LOG] SystemI::createSoundInternal             : filename =  : mode 0a000202
[LOG] SystemI::createSoundInternal             : exinfo->cbsize             = 232
[LOG] SystemI::createSoundInternal             : exinfo->length             = 3213120
[LOG] SystemI::createSoundInternal             : exinfo->fileoffset         = 110656
[LOG] SystemI::createSoundInternal             : exinfo->numsubsounds       = 1
[LOG] SystemI::createSoundInternal             : exinfo->inclusionlist      = 000000002A14FB28
[LOG] SystemI::createSoundInternal             : exinfo->inclusionlistnum   = 1
[LOG] SystemI::createSoundInternal             : exinfo->suggestedsoundtype = 5
[LOG] SystemI::createSoundInternal             : exinfo->useropen           = 000007FEE7B88650
[LOG] SystemI::createSoundInternal             : exinfo->userclose          = 000007FEE7B893C0
[LOG] SystemI::createSoundInternal             : exinfo->userread           = 000007FEE7B88730
[LOG] SystemI::createSoundInternal             : exinfo->userseek           = 000007FEE7B887E0
[LOG] SystemI::createSoundInternal             : exinfo->fileuserdata       = 000000002A3E29F8
[LOG] SystemI::createSoundInternal             : exinfo->initialseekpostype = 1
[LOG] SystemI::createSoundInternal             : Format has 1 subsounds.
[LOG] SystemI::createSoundInternal             : Create as FMOD_CREATESAMPLE
[LOG] SystemI::createSoundInternal             : Multi-sample sound (1 subsounds), create a sample container.
[LOG] SystemI::createSoundInternal             : creating subsound 0/1
[LOG] SystemI::createSample                    : mode 0a000202 length 490666 samples, lengthbytes 68128
[LOG] SystemI::createSample                    : channels = 2
[LOG] SystemI::createSample                    : output = 000000002852C298
[LOG] OutputSoftware::createSample             : lengthpcm 490666, lengthbytes 68128, channels 2, format 2, freq 48000, mode 0a00020a
[LOG] SystemI::createSoundInternal             : done.  OpenState now = FMOD_OPENSTATE_READY.

[LOG] SystemI::createSoundInternal             : filename =  : mode 0a000202
[LOG] SystemI::createSoundInternal             : exinfo->cbsize             = 232
[LOG] SystemI::createSoundInternal             : exinfo->length             = 3213120
[LOG] SystemI::createSoundInternal             : exinfo->fileoffset         = 110656
[LOG] SystemI::createSoundInternal             : exinfo->numsubsounds       = 1
[LOG] SystemI::createSoundInternal             : exinfo->inclusionlist      = 000000002A14FB28
[LOG] SystemI::createSoundInternal             : exinfo->inclusionlistnum   = 1
[LOG] SystemI::createSoundInternal             : exinfo->suggestedsoundtype = 5
[LOG] SystemI::createSoundInternal             : exinfo->useropen           = 000007FEE7B88650
[LOG] SystemI::createSoundInternal             : exinfo->userclose          = 000007FEE7B893C0
[LOG] SystemI::createSoundInternal             : exinfo->userread           = 000007FEE7B88730
[LOG] SystemI::createSoundInternal             : exinfo->userseek           = 000007FEE7B887E0
[LOG] SystemI::createSoundInternal             : exinfo->fileuserdata       = 000000002A3E29F8
[LOG] SystemI::createSoundInternal             : exinfo->initialseekpostype = 1
[LOG] SystemI::createSoundInternal             : Format has 1 subsounds.
[LOG] SystemI::createSoundInternal             : Create as FMOD_CREATESAMPLE
[LOG] SystemI::createSoundInternal             : Multi-sample sound (1 subsounds), create a sample container.
[LOG] SystemI::createSoundInternal             : creating subsound 0/1
[LOG] SystemI::createSample                    : mode 0a000202 length 44387 samples, lengthbytes 10880
[LOG] SystemI::createSample                    : channels = 2
[LOG] SystemI::createSample                    : output = 000000002852C298
[LOG] OutputSoftware::createSample             : lengthpcm 44387, lengthbytes 10880, channels 2, format 2, freq 48000, mode 0a00020a
[LOG] SystemI::createSoundInternal             : done.  OpenState now = FMOD_OPENSTATE_READY.

[LOG] SystemI::createSoundInternal             : filename =  : mode 0a000202
[LOG] SystemI::createSoundInternal             : exinfo->cbsize             = 232
[LOG] SystemI::createSoundInternal             : exinfo->length             = 3213120
[LOG] SystemI::createSoundInternal             : exinfo->fileoffset         = 110656
[LOG] SystemI::createSoundInternal             : exinfo->numsubsounds       = 1
[LOG] SystemI::createSoundInternal             : exinfo->inclusionlist      = 000000002A14FB28
[LOG] SystemI::createSoundInternal             : exinfo->inclusionlistnum   = 1
[LOG] SystemI::createSoundInternal             : exinfo->suggestedsoundtype = 5
[LOG] SystemI::createSoundInternal             : exinfo->useropen           = 000007FEE7B88650
[LOG] SystemI::createSoundInternal             : exinfo->userclose          = 000007FEE7B893C0
[LOG] SystemI::createSoundInternal             : exinfo->userread           = 000007FEE7B88730
[LOG] SystemI::createSoundInternal             : exinfo->userseek           = 000007FEE7B887E0
[LOG] SystemI::createSoundInternal             : exinfo->fileuserdata       = 000000002A3E29F8
[LOG] SystemI::createSoundInternal             : exinfo->initialseekpostype = 1
[LOG] SystemI::createSoundInternal             : Format has 1 subsounds.
[LOG] SystemI::createSoundInternal             : Create as FMOD_CREATESAMPLE
[LOG] SystemI::createSoundInternal             : Multi-sample sound (1 subsounds), create a sample container.
[LOG] SystemI::createSoundInternal             : creating subsound 0/1
[LOG] SystemI::createSample                    : mode 0a000202 length 35779 samples, lengthbytes 10528
[LOG] SystemI::createSample                    : channels = 2
[LOG] SystemI::createSample                    : output = 000000002852C298
[LOG] OutputSoftware::createSample             : lengthpcm 35779, lengthbytes 10528, channels 2, format 2, freq 48000, mode 0a00020a
[LOG] SystemI::createSoundInternal             : done.  OpenState now = FMOD_OPENSTATE_READY.

[LOG] Manager::readBank                        : fileversion = 62, compatVersion = 59 (oldest = 44, newest = 72)
[LOG] Manager::finishLoadBank                  : Bank with guid {6d2aca90-3f04-472e-af9a-dcd8641c5e31} has already been loaded[LOG] Manager::readBank                        : fileversion = 62, compatVersion = 59 (oldest = 44, newest = 72)
[LOG] Manager::finishLoadBank                  : Bank with guid {6d2aca90-3f04-472e-af9a-dcd8641c5e31} has already been loaded[LOG] SystemI::createSoundInternal             : filename =  : mode 0a000202
[LOG] SystemI::createSoundInternal             : exinfo->cbsize             = 232
[LOG] SystemI::createSoundInternal             : exinfo->length             = 3213120
[LOG] SystemI::createSoundInternal             : exinfo->fileoffset         = 110656
[LOG] SystemI::createSoundInternal             : exinfo->numsubsounds       = 1
[LOG] SystemI::createSoundInternal             : exinfo->inclusionlist      = 000000002A14FB28
[LOG] SystemI::createSoundInternal             : exinfo->inclusionlistnum   = 1
[LOG] SystemI::createSoundInternal             : exinfo->suggestedsoundtype = 5
[LOG] SystemI::createSoundInternal             : exinfo->useropen           = 000007FEE7B88650
[LOG] SystemI::createSoundInternal             : exinfo->userclose          = 000007FEE7B893C0
[LOG] SystemI::createSoundInternal             : exinfo->userread           = 000007FEE7B88730
[LOG] SystemI::createSoundInternal             : exinfo->userseek           = 000007FEE7B887E0
[LOG] SystemI::createSoundInternal             : exinfo->fileuserdata       = 0000000029CBE278
[LOG] SystemI::createSoundInternal             : exinfo->initialseekpostype = 1
[LOG] SystemI::createSoundInternal             : Format has 1 subsounds.
[LOG] SystemI::createSoundInternal             : Create as FMOD_CREATESAMPLE
[LOG] SystemI::createSoundInternal             : Multi-sample sound (1 subsounds), create a sample container.
[LOG] SystemI::createSoundInternal             : creating subsound 0/1
[LOG] SystemI::createSample                    : mode 0a000202 length 1399808 samples, lengthbytes 391584
[LOG] SystemI::createSample                    : channels = 2
[LOG] SystemI::createSample                    : output = 000000002852C298
[LOG] OutputSoftware::createSample             : lengthpcm 1399808, lengthbytes 391584, channels 2, format 2, freq 48000, mode 0a00020a
[LOG] SystemI::createSoundInternal             : done.  OpenState now = FMOD_OPENSTATE_READY.

[LOG] SoundI::release                          : (null) (0000000029CFFEA8)
[LOG] SoundI::release                          : release subsounds. (0000000029CFFEA8)
[LOG] SoundI::release                          :     (null) (0000000029CF6E88)
[LOG] SoundI::release                          : release codec. (0000000029CFFEA8)
